[10/2/2025, 7:34:48 PM] GET /favicon.ico from ::1
[10/2/2025, 7:35:49 PM] GET /api/foods from ::1
[10/2/2025, 7:35:50 PM] GET /api/foods?search=%E0%B8%9C%E0%B8%B1%E0%B8%94 from ::1
[10/2/2025, 7:35:51 PM] GET /api/foods from ::1
[10/2/2025, 7:35:52 PM] GET /api/foods?search=%E0%B8%9C%E0%B8%B1%E0%B8%94 from ::1
[10/2/2025, 7:35:52 PM] GET /api/foods?category=%E0%B9%81%E0%B8%81%E0%B8%87 from ::1
[10/2/2025, 7:35:53 PM] GET /api/foods?vegetarian=true from ::1
[10/2/2025, 7:35:53 PM] GET /api/foods/1 from ::1
[10/2/2025, 7:35:57 PM] GET /api/stats from ::1
[10/2/2025, 7:36:02 PM] GET /api/foods from ::1
[10/2/2025, 7:36:43 PM] GET /api/foods from ::1
[10/2/2025, 7:36:45 PM] GET /api/foods?search=%E0%B8%9C%E0%B8%B1%E0%B8%94 from ::1
[10/2/2025, 7:36:46 PM] GET /api/foods?category=%E0%B9%81%E0%B8%81%E0%B8%87 from ::1
[10/2/2025, 7:36:46 PM] GET /api/foods?vegetarian=true from ::1
[10/2/2025, 7:36:47 PM] GET /api/foods/1 from ::1
[10/2/2025, 7:36:50 PM] GET /api/stats from ::1
[10/2/2025, 7:49:12 PM] GET /api/foods?search=%E0%B8%9C%E0%B8%B1%E0%B8%94 from ::1
[10/2/2025, 7:49:13 PM] GET /api/foods from ::1
[10/2/2025, 7:49:14 PM] GET /api/foods?category=%E0%B9%81%E0%B8%81%E0%B8%87 from ::1
[10/2/2025, 7:49:14 PM] GET /api/foods?vegetarian=true from ::1
[10/2/2025, 7:49:16 PM] GET /api/foods from ::1
[10/2/2025, 7:49:16 PM] GET /api/foods?search=%E0%B8%9C%E0%B8%B1%E0%B8%94 from ::1
[10/2/2025, 7:49:16 PM] GET /api/foods?category=%E0%B9%81%E0%B8%81%E0%B8%87 from ::1
[10/2/2025, 7:49:17 PM] GET /api/foods?vegetarian=true from ::1
[10/2/2025, 7:49:17 PM] GET /api/foods/1 from ::1
[10/2/2025, 7:49:17 PM] GET /api/stats from ::1
[10/2/2025, 7:49:18 PM] GET /api/foods from ::1
[10/2/2025, 7:49:19 PM] GET /api/foods?search=%E0%B8%9C%E0%B8%B1%E0%B8%94 from ::1
[10/2/2025, 7:49:19 PM] GET /api/foods?category=%E0%B9%81%E0%B8%81%E0%B8%87 from ::1
[10/2/2025, 7:49:19 PM] GET /api/foods?vegetarian=true from ::1
[10/2/2025, 7:49:20 PM] GET /api/foods/1 from ::1
[10/2/2025, 7:49:20 PM] GET /api/stats from ::1
[10/2/2025, 7:49:21 PM] GET /api/foods from ::1
[10/2/2025, 7:49:22 PM] GET /api/foods?search=%E0%B8%9C%E0%B8%B1%E0%B8%94 from ::1
[10/2/2025, 7:49:22 PM] GET /api/foods?category=%E0%B9%81%E0%B8%81%E0%B8%87 from ::1
[10/2/2025, 7:49:23 PM] GET /api/foods?vegetarian=true from ::1
[10/2/2025, 7:49:24 PM] GET /api/foods/1 from ::1
[10/2/2025, 7:49:24 PM] GET /api/stats from ::1
[10/3/2025, 8:25:47 AM] GET /favicon.ico from ::1
[10/3/2025, 8:25:53 AM] GET /api/foods from ::1
[10/3/2025, 8:25:54 AM] GET /api/foods?search=%E0%B8%9C%E0%B8%B1%E0%B8%94 from ::1
[10/3/2025, 8:25:54 AM] GET /api/foods?category=%E0%B9%81%E0%B8%81%E0%B8%87 from ::1
[10/3/2025, 8:25:55 AM] GET /api/foods?vegetarian=true from ::1
[10/3/2025, 8:25:55 AM] GET /api/foods/1 from ::1
[10/3/2025, 8:25:56 AM] GET /api/stats from ::1
[10/3/2025, 8:25:57 AM] GET /api/foods from ::1
[10/3/2025, 8:27:25 AM] GET /api/foods from ::1
[10/3/2025, 8:28:05 AM] GET /api/docs from ::1
[10/3/2025, 8:37:34 AM] GET /api/foods from ::1
[10/3/2025, 8:38:08 AM] GET /api/foods?search=%E0%B8%81%E0%B8%B8%E0%B9%89%E0%B8%87 from ::1
[10/3/2025, 8:59:00 AM] GET /api/foods from ::1
[10/3/2025, 8:59:06 AM] GET /api/foods?search=%E0%B8%9C%E0%B8%B1%E0%B8%94 from ::1
[10/3/2025, 8:59:07 AM] GET /api/foods?search=%E0%B8%9C%E0%B8%B1%E0%B8%94 from ::1
[10/3/2025, 8:59:08 AM] GET /api/foods?category=%E0%B9%81%E0%B8%81%E0%B8%87 from ::1
[10/3/2025, 8:59:09 AM] GET /api/foods?vegetarian=true from ::1
[10/3/2025, 8:59:09 AM] GET /api/foods/1 from ::1
[10/3/2025, 8:59:10 AM] GET /api/stats from ::1
[10/3/2025, 8:59:11 AM] GET /api/foods from ::1
[10/3/2025, 9:04:25 AM] GET /api/foods from ::1
[10/3/2025, 9:11:45 AM] GET /api/foods?search=%E0%B8%9C%E0%B8%B1%E0%B8%94 from ::1
[10/3/2025, 9:14:18 AM] GET /api/foods from ::1
[10/3/2025, 9:14:49 AM] GET /api/foods from ::1
[10/3/2025, 9:14:50 AM] GET /api/foods?search=%E0%B8%9C%E0%B8%B1%E0%B8%94 from ::1
[10/3/2025, 9:14:50 AM] GET /api/foods?category=%E0%B9%81%E0%B8%81%E0%B8%87 from ::1
[10/3/2025, 9:14:51 AM] GET /api/foods?vegetarian=true from ::1
[10/3/2025, 9:14:52 AM] GET /api/stats from ::1
[10/3/2025, 9:14:53 AM] GET /api/foods?vegetarian=true from ::1
[10/3/2025, 9:14:54 AM] GET /api/foods?search=%E0%B8%9C%E0%B8%B1%E0%B8%94 from ::1
[10/3/2025, 9:14:54 AM] GET /api/foods from ::1
[10/3/2025, 9:14:55 AM] GET /api/foods?search=%E0%B8%9C%E0%B8%B1%E0%B8%94 from ::1
[10/3/2025, 9:14:55 AM] GET /api/foods?category=%E0%B9%81%E0%B8%81%E0%B8%87 from ::1
[10/3/2025, 9:14:56 AM] GET /api/foods?vegetarian=true from ::1
[10/3/2025, 9:14:57 AM] GET /api/stats from ::1
[10/3/2025, 9:14:57 AM] GET /api/foods/1 from ::1
[10/3/2025, 9:14:58 AM] GET /api/foods from ::1
[10/3/2025, 9:14:59 AM] GET /api/foods?search=%E0%B8%9C%E0%B8%B1%E0%B8%94 from ::1
[10/3/2025, 9:15:08 AM] GET /api/foods from ::1
[10/3/2025, 9:15:09 AM] GET /api/foods?search=%E0%B8%9C%E0%B8%B1%E0%B8%94 from ::1
[10/3/2025, 9:15:10 AM] GET /api/foods?category=%E0%B9%81%E0%B8%81%E0%B8%87 from ::1
[10/3/2025, 9:15:10 AM] GET /api/foods?vegetarian=true from ::1
[10/3/2025, 9:15:10 AM] GET /api/foods/1 from ::1
[10/3/2025, 9:15:11 AM] GET /api/stats from ::1
[10/3/2025, 9:15:18 AM] GET /api/foods/1 from ::1
[10/3/2025, 9:15:20 AM] GET /api/foods from ::1
[10/3/2025, 9:15:50 AM] GET /api/foods?search=%E0%B8%9C%E0%B8%B1%E0%B8%94 from ::1
[10/3/2025, 9:15:51 AM] GET /api/foods?category=%E0%B9%81%E0%B8%81%E0%B8%87 from ::1
[10/3/2025, 9:15:52 AM] GET /api/foods?category=%E0%B9%81%E0%B8%81%E0%B8%87 from ::1
[10/3/2025, 9:15:53 AM] GET /api/foods?vegetarian=true from ::1
[10/3/2025, 9:15:54 AM] GET /api/stats from ::1
[10/3/2025, 9:15:55 AM] GET /api/foods from ::1
[10/3/2025, 9:35:41 AM] GET /api/stats from ::1
[10/3/2025, 9:37:51 AM] GET /api/foods/1 from ::1
[10/3/2025, 9:45:08 AM] GET /api/foods from ::1
[10/3/2025, 9:54:23 AM] GET /api/foods from ::1
[10/3/2025, 9:54:24 AM] GET /api/foods?search=%E0%B8%9C%E0%B8%B1%E0%B8%94 from ::1
[10/3/2025, 9:54:24 AM] GET /api/foods?category=%E0%B9%81%E0%B8%81%E0%B8%87 from ::1
[10/3/2025, 9:54:26 AM] GET /api/foods?vegetarian=true from ::1
[10/3/2025, 9:54:27 AM] GET /api/foods/1 from ::1
[10/3/2025, 9:54:27 AM] GET /api/stats from ::1
[10/3/2025, 9:54:28 AM] GET /api/stats from ::1
[10/3/2025, 9:55:47 AM] GET /api/foods from ::1
[10/3/2025, 9:55:48 AM] GET /api/foods?search=%E0%B8%9C%E0%B8%B1%E0%B8%94 from ::1
[10/3/2025, 9:55:48 AM] GET /api/foods?category=%E0%B9%81%E0%B8%81%E0%B8%87 from ::1
[10/3/2025, 9:55:49 AM] GET /api/stats from ::1
[10/3/2025, 10:03:01 AM] GET /api/stats from ::1
[10/3/2025, 10:13:19 AM] GET /api/foods from ::1
[10/3/2025, 10:13:19 AM] GET /api/foods?search=%E0%B8%9C%E0%B8%B1%E0%B8%94 from ::1
[10/3/2025, 10:13:20 AM] GET /api/foods?category=%E0%B9%81%E0%B8%81%E0%B8%87 from ::1
[10/3/2025, 10:13:20 AM] GET /api/foods?vegetarian=true from ::1
[10/3/2025, 10:13:21 AM] GET /api/stats from ::1
[10/3/2025, 10:13:21 AM] GET /api/foods/1 from ::1
[10/3/2025, 10:19:38 AM] GET /api/foods from ::1
[10/3/2025, 10:19:39 AM] GET /api/foods?search=%E0%B8%9C%E0%B8%B1%E0%B8%94 from ::1
[10/3/2025, 10:19:39 AM] GET /api/foods?category=%E0%B9%81%E0%B8%81%E0%B8%87 from ::1
[10/3/2025, 10:19:40 AM] GET /api/foods?vegetarian=true from ::1
[10/3/2025, 10:19:40 AM] GET /api/foods/1 from ::1
[10/3/2025, 10:19:40 AM] GET /api/stats from ::1
[10/3/2025, 10:19:41 AM] GET /api/foods from ::1
[10/3/2025, 10:22:11 AM] GET /api/foods from ::1
[10/3/2025, 10:24:10 AM] GET /api/foods?search=%E0%B8%9C%E0%B8%B1%E0%B8%94 from ::1
[10/3/2025, 10:26:06 AM] GET /api/foods?category=%E0%B9%81%E0%B8%81%E0%B8%87 from ::1
[10/3/2025, 10:26:12 AM] GET /api/foods?vegetarian=true from ::1
[10/3/2025, 10:26:13 AM] GET /api/foods?category=%E0%B9%81%E0%B8%81%E0%B8%87 from ::1
[10/3/2025, 10:26:15 AM] GET /api/foods/1 from ::1
[10/3/2025, 10:26:16 AM] GET /api/stats from ::1
[10/3/2025, 10:26:17 AM] GET /api/foods?category=%E0%B9%81%E0%B8%81%E0%B8%87 from ::1
[10/3/2025, 10:26:21 AM] GET /api/foods?category=%E0%B9%81%E0%B8%81%E0%B8%87 from ::1
[10/3/2025, 10:43:35 AM] GET /api/foods from ::1
[10/3/2025, 10:43:36 AM] GET /api/foods?search=%E0%B8%9C%E0%B8%B1%E0%B8%94 from ::1
[10/3/2025, 10:43:36 AM] GET /api/foods?category=%E0%B9%81%E0%B8%81%E0%B8%87 from ::1
[10/3/2025, 10:43:37 AM] GET /api/foods?vegetarian=true from ::1
[10/3/2025, 10:43:38 AM] GET /api/foods/1 from ::1
[10/3/2025, 10:43:38 AM] GET /api/stats from ::1
[10/3/2025, 10:50:51 AM] GET /api/foods from ::1
[10/3/2025, 10:51:03 AM] GET /api/foods from ::1
[10/3/2025, 10:51:06 AM] GET /api/foods from ::1
